<?xml version="1.0" encoding="UTF-8"?>
<testsuite xmlns:xsi="http://www.w3.org/2001/XMLSchema-instance" xsi:noNamespaceSchemaLocation="https://maven.apache.org/surefire/maven-surefire-plugin/xsd/surefire-test-report-3.0.xsd" version="3.0" name="com.spring.newyear.NewYearApplicationTests" time="3.655" tests="1" errors="0" skipped="0" failures="0">
  <properties>
[...]
</properties>
  <testcase name="contextLoads" classname="com.spring.newyear.NewYearApplicationTests" time="0.813">
    <system-out><![CDATA[17:30:35.696 [main] INFO org.springframework.test.context.support.AnnotationConfigContextLoaderUtils -- Could not detect default configuration classes for test class [com.spring.newyear.NewYearApplicationTests]: NewYearApplicationTests does not declare any static, non-private, non-final, nested classes annotated with @Configuration.
17:30:35.817 [main] INFO org.springframework.boot.test.context.SpringBootTestContextBootstrapper -- Found @SpringBootConfiguration com.spring.newyear.NewYearApplication for test class com.spring.newyear.NewYearApplicationTests

  .   ____          _            __ _ _
 /\\ / ___'_ __ _ _(_)_ __  __ _ \ \ \ \
( ( )\___ | '_ | '_| | '_ \/ _` | \ \ \ \
 \\/  ___)| |_)| | | | | || (_| |  ) ) ) )
  '  |____| .__|_| |_|_| |_\__, | / / / /
 =========|_|==============|___/=/_/_/_/
 :: Spring Boot ::                (v3.2.2)

2024-02-10T17:30:36.243-05:00  INFO 52439 --- [           main] c.s.newyear.NewYearApplicationTests      : Starting NewYearApplicationTests using Java 17 with PID 52439 (started by viktoriyaloshkarova in /Users/viktoriyaloshkarova/Documents/GitHub/New-Year)
2024-02-10T17:30:36.244-05:00  INFO 52439 --- [           main] c.s.newyear.NewYearApplicationTests      : No active profile set, falling back to 1 default profile: "default"
2024-02-10T17:30:38.259-05:00  INFO 52439 --- [           main] o.s.b.a.e.web.EndpointLinksResolver      : Exposing 1 endpoint(s) beneath base path '/actuator'
2024-02-10T17:30:38.309-05:00  INFO 52439 --- [           main] c.s.newyear.NewYearApplicationTests      : Started NewYearApplicationTests in 2.336 seconds (process running for 3.294)
]]></system-out>
  </testcase>
</testsuite>